<?xml version="1.0" encoding="UTF-8"?>
<!-- Generated by org.testng.reporters.JUnitReportReporter -->
<testsuite skipped="0" hostname="MacBook-Pro" name="selenium.CheckProductImageTest" tests="1" failures="0" timestamp="11 Jul 2020 06:26:50 GMT" time="6.962" errors="0">
  <testcase name="f" time="6.962" classname="selenium.CheckProductImageTest"/>
</testsuite> <!-- selenium.CheckProductImageTest -->
