<?xml version="1.0" encoding="UTF-8"?>
<!-- Generated by org.testng.reporters.JUnitReportReporter -->
<testsuite skipped="0" hostname="macbook-pro" name="selenium.NewTest" tests="1" failures="0" timestamp="23 Jun 2020 17:04:37 GMT" time="6.171" errors="0">
  <testcase name="f" time="6.171" classname="selenium.NewTest"/>
</testsuite> <!-- selenium.NewTest -->
