<?xml version="1.0" encoding="UTF-8"?>
<!-- Generated by org.testng.reporters.JUnitReportReporter -->
<testsuite skipped="0" hostname="MacBook-Pro" name="selenium.CheckImageProduct" tests="1" failures="0" timestamp="11 Jul 2020 06:48:08 GMT" time="10.113" errors="0">
  <testcase name="f" time="10.113" classname="selenium.CheckImageProduct"/>
</testsuite> <!-- selenium.CheckImageProduct -->
