<?xml version="1.0" encoding="UTF-8"?>
<!-- Generated by org.testng.reporters.JUnitReportReporter -->
<testsuite skipped="0" hostname="MacBook-Pro" name="selenium.CheckImageBanner" tests="1" failures="0" timestamp="11 Jul 2020 06:34:06 GMT" time="7.010" errors="0">
  <testcase name="f" time="7.010" classname="selenium.CheckImageBanner"/>
</testsuite> <!-- selenium.CheckImageBanner -->
